<?xml version="1.0" encoding="UTF-8"?>
<testng-results ignored="0" total="5" passed="3" failed="2" skipped="0">
  <reporter-output>
  </reporter-output>
  <suite started-at="2024-04-17T17:12:02 IST" name="Default suite" finished-at="2024-04-17T17:14:09 IST" duration-ms="127633">
    <groups>
      <group name="cucumber">
        <method signature="AbstractTestNGCucumberTests.runScenario(io.cucumber.testng.PickleWrapper,io.cucumber.testng.FeatureWrapper)[pri:0, instance:ApolloRunner.TestRunner@48e1f6c7]" name="runScenario" class="io.cucumber.testng.AbstractTestNGCucumberTests"/>
      </group> <!-- cucumber -->
    </groups>
    <test started-at="2024-04-17T17:12:02 IST" name="Default test" finished-at="2024-04-17T17:14:09 IST" duration-ms="127633">
      <class name="ApolloRunner.TestRunner">
        <test-method is-config="true" signature="setUpClass(org.testng.ITestContext)[pri:0, instance:ApolloRunner.TestRunner@48e1f6c7]" started-at="2024-04-17T17:12:02 IST" name="setUpClass" finished-at="2024-04-17T17:12:03 IST" duration-ms="1503" status="PASS">
          <params>
            <param index="0">
              <value>
                <![CDATA[org.testng.TestRunner@50d05167]]>
              </value>
            </param>
          </params>
          <reporter-output>
          </reporter-output>
        </test-method> <!-- setUpClass -->
        <test-method signature="runScenario(io.cucumber.testng.PickleWrapper,io.cucumber.testng.FeatureWrapper)[pri:0, instance:ApolloRunner.TestRunner@48e1f6c7]" started-at="2024-04-17T17:12:03 IST" name="runScenario" description="Runs Cucumber Scenarios" data-provider="scenarios" finished-at="2024-04-17T17:12:15 IST" duration-ms="12036" status="PASS">
          <params>
            <param index="0">
              <value>
                <![CDATA["To validate callback functionality"]]>
              </value>
            </param>
            <param index="1">
              <value>
                <![CDATA["To test About Feature functionality of Apollo Website"]]>
              </value>
            </param>
          </params>
          <reporter-output>
          </reporter-output>
        </test-method> <!-- runScenario -->
        <test-method signature="runScenario(io.cucumber.testng.PickleWrapper,io.cucumber.testng.FeatureWrapper)[pri:0, instance:ApolloRunner.TestRunner@48e1f6c7]" started-at="2024-04-17T17:12:15 IST" name="runScenario" description="Runs Cucumber Scenarios" data-provider="scenarios" finished-at="2024-04-17T17:12:35 IST" duration-ms="19918" status="FAIL">
          <params>
            <param index="0">
              <value>
                <![CDATA["To validate post comment functionality"]]>
              </value>
            </param>
            <param index="1">
              <value>
                <![CDATA["To test About Feature functionality of Apollo Website"]]>
              </value>
            </param>
          </params>
          <exception class="java.lang.AssertionError">
            <message>
              <![CDATA[expected:<2> but was:<1>]]>
            </message>
            <full-stacktrace>
              <![CDATA[java.lang.AssertionError: expected:<2> but was:<1>
at org.junit.Assert.fail(Assert.java:88)
at org.junit.Assert.failNotEquals(Assert.java:743)
at org.junit.Assert.assertEquals(Assert.java:118)
at org.junit.Assert.assertEquals(Assert.java:555)
at org.junit.Assert.assertEquals(Assert.java:542)
at ApolloStepDefinition.Callback.it_should_increase_the_count(Callback.java:126)
at ✽.it should increase the count(file:///C:/Users/SAKRAVIN/Desktop/Apollo_About/resources/Features/Callback.feature:26)
]]>
            </full-stacktrace>
          </exception> <!-- java.lang.AssertionError -->
          <reporter-output>
          </reporter-output>
        </test-method> <!-- runScenario -->
        <test-method signature="runScenario(io.cucumber.testng.PickleWrapper,io.cucumber.testng.FeatureWrapper)[pri:0, instance:ApolloRunner.TestRunner@48e1f6c7]" started-at="2024-04-17T17:12:35 IST" name="runScenario" description="Runs Cucumber Scenarios" data-provider="scenarios" finished-at="2024-04-17T17:12:48 IST" duration-ms="12198" status="PASS">
          <params>
            <param index="0">
              <value>
                <![CDATA["To validate book doctor functionality"]]>
              </value>
            </param>
            <param index="1">
              <value>
                <![CDATA["To test About Feature functionality of Apollo Website"]]>
              </value>
            </param>
          </params>
          <reporter-output>
          </reporter-output>
        </test-method> <!-- runScenario -->
        <test-method signature="runScenario(io.cucumber.testng.PickleWrapper,io.cucumber.testng.FeatureWrapper)[pri:0, instance:ApolloRunner.TestRunner@48e1f6c7]" started-at="2024-04-17T17:12:48 IST" name="runScenario" description="Runs Cucumber Scenarios" data-provider="scenarios" finished-at="2024-04-17T17:13:25 IST" duration-ms="37001" status="FAIL">
          <params>
            <param index="0">
              <value>
                <![CDATA["To validate location functionality"]]>
              </value>
            </param>
            <param index="1">
              <value>
                <![CDATA["To test About Feature functionality of Apollo Website"]]>
              </value>
            </param>
          </params>
          <exception class="java.lang.AssertionError">
            <full-stacktrace>
              <![CDATA[java.lang.AssertionError
at org.junit.Assert.fail(Assert.java:86)
at org.junit.Assert.assertTrue(Assert.java:41)
at org.junit.Assert.assertTrue(Assert.java:52)
at ApolloStepDefinition.Callback.it_should_redirect_to_the_book_function(Callback.java:201)
at ✽.it should redirect to the book function(file:///C:/Users/SAKRAVIN/Desktop/Apollo_About/resources/Features/Callback.feature:46)
]]>
            </full-stacktrace>
          </exception> <!-- java.lang.AssertionError -->
          <reporter-output>
          </reporter-output>
        </test-method> <!-- runScenario -->
        <test-method signature="runScenario(io.cucumber.testng.PickleWrapper,io.cucumber.testng.FeatureWrapper)[pri:0, instance:ApolloRunner.TestRunner@48e1f6c7]" started-at="2024-04-17T17:13:25 IST" name="runScenario" description="Runs Cucumber Scenarios" data-provider="scenarios" finished-at="2024-04-17T17:14:09 IST" duration-ms="44001" status="PASS">
          <params>
            <param index="0">
              <value>
                <![CDATA["To validate calculate calories required functionality"]]>
              </value>
            </param>
            <param index="1">
              <value>
                <![CDATA["To test About Feature functionality of Apollo Website"]]>
              </value>
            </param>
          </params>
          <reporter-output>
          </reporter-output>
        </test-method> <!-- runScenario -->
        <test-method is-config="true" signature="tearDownClass()[pri:0, instance:ApolloRunner.TestRunner@48e1f6c7]" started-at="2024-04-17T17:14:09 IST" name="tearDownClass" finished-at="2024-04-17T17:14:09 IST" duration-ms="887" status="PASS">
          <reporter-output>
          </reporter-output>
        </test-method> <!-- tearDownClass -->
      </class> <!-- ApolloRunner.TestRunner -->
    </test> <!-- Default test -->
  </suite> <!-- Default suite -->
</testng-results>
